<?xml version="1.0" encoding="UTF-8"?>
<!-- Generated by org.testng.reporters.JUnitReportReporter -->
<testsuite hostname="K473LTRV" failures="0" tests="4" name="com.playwright.saucedemo.testcases.ValidLoginTest" time="5.787" errors="0" timestamp="2024-05-31T10:35:12 IST" skipped="0">
  <testcase classname="com.playwright.saucedemo.testcases.ValidLoginTest" name="passingValidCredentials" time="5.173"/>
  <testcase classname="com.playwright.saucedemo.testcases.ValidLoginTest" name="passingValidCredentials" time="0.181"/>
  <testcase classname="com.playwright.saucedemo.testcases.ValidLoginTest" name="passingValidCredentials" time="0.255"/>
  <testcase classname="com.playwright.saucedemo.testcases.ValidLoginTest" name="passingValidCredentials" time="0.178"/>
</testsuite> <!-- com.playwright.saucedemo.testcases.ValidLoginTest -->
