<?xml version="1.0" encoding="UTF-8"?>
<!-- Generated by org.testng.reporters.JUnitReportReporter -->
<testsuite hostname="K473LTRV" failures="0" tests="4" name="com.playwright.saucedemo.testcases.ValidLoginTest" time="5.747" errors="0" timestamp="2024-05-30T09:53:26 IST" skipped="0">
  <testcase classname="com.playwright.saucedemo.testcases.ValidLoginTest" name="passingValidCredentials" time="0.235"/>
  <testcase classname="com.playwright.saucedemo.testcases.ValidLoginTest" name="passingValidCredentials" time="0.198"/>
  <testcase classname="com.playwright.saucedemo.testcases.ValidLoginTest" name="passingValidCredentials" time="5.163"/>
  <testcase classname="com.playwright.saucedemo.testcases.ValidLoginTest" name="passingValidCredentials" time="0.151"/>
</testsuite> <!-- com.playwright.saucedemo.testcases.ValidLoginTest -->
