<?xml version="1.0" encoding="UTF-8"?>
<!-- Generated by org.testng.reporters.JUnitReportReporter -->
<testsuite hostname="K473LTRV" failures="0" tests="4" name="com.playwright.saucedemo.testcases.ValidLoginTest" time="5.811" errors="0" timestamp="2024-05-30T10:24:33 IST" skipped="0">
  <testcase classname="com.playwright.saucedemo.testcases.ValidLoginTest" name="passingValidCredentials" time="5.232"/>
  <testcase classname="com.playwright.saucedemo.testcases.ValidLoginTest" name="passingValidCredentials" time="0.182"/>
  <testcase classname="com.playwright.saucedemo.testcases.ValidLoginTest" name="passingValidCredentials" time="0.260"/>
  <testcase classname="com.playwright.saucedemo.testcases.ValidLoginTest" name="passingValidCredentials" time="0.137"/>
</testsuite> <!-- com.playwright.saucedemo.testcases.ValidLoginTest -->
